<?xml version="1.0" encoding="UTF-8"?>
<testng-results ignored="0" total="4" passed="4" failed="0" skipped="0">
  <reporter-output>
  </reporter-output>
  <suite started-at="2021-11-19T09:05:48 WIB" name="Suite" finished-at="2021-11-19T09:15:26 WIB" duration-ms="577746">
    <groups>
    </groups>
    <test started-at="2021-11-19T09:05:48 WIB" name="Scenario Full Testing" finished-at="2021-11-19T09:09:49 WIB" duration-ms="240847">
      <class name="qasirTesting.NavigateFullTesting">
        <test-method is-config="true" signature="initialize()[pri:0, instance:qasirTesting.NavigateFullTesting@6ce1f601]" started-at="2021-11-19T09:05:48 WIB" name="initialize" finished-at="2021-11-19T09:06:40 WIB" duration-ms="52146" status="PASS">
          <reporter-output>
          </reporter-output>
        </test-method> <!-- initialize -->
        <test-method signature="navigateToEnd2End()[pri:0, instance:qasirTesting.NavigateFullTesting@6ce1f601]" started-at="2021-11-19T09:06:40 WIB" name="navigateToEnd2End" finished-at="2021-11-19T09:09:49 WIB" duration-ms="188639" status="PASS">
          <reporter-output>
          </reporter-output>
        </test-method> <!-- navigateToEnd2End -->
      </class> <!-- qasirTesting.NavigateFullTesting -->
    </test> <!-- Scenario Full Testing -->
    <test started-at="2021-11-19T09:09:50 WIB" name="Login Testing" finished-at="2021-11-19T09:10:30 WIB" duration-ms="40332">
      <class name="qasirTesting.NavigateLoginPage">
        <test-method is-config="true" signature="initialize()[pri:0, instance:qasirTesting.NavigateLoginPage@3caa4757]" started-at="2021-11-19T09:09:50 WIB" name="initialize" finished-at="2021-11-19T09:10:01 WIB" duration-ms="11486" status="PASS">
          <reporter-output>
          </reporter-output>
        </test-method> <!-- initialize -->
        <test-method signature="navigationToLogin()[pri:0, instance:qasirTesting.NavigateLoginPage@3caa4757]" started-at="2021-11-19T09:10:01 WIB" name="navigationToLogin" finished-at="2021-11-19T09:10:30 WIB" duration-ms="28840" status="PASS">
          <reporter-output>
          </reporter-output>
        </test-method> <!-- navigationToLogin -->
      </class> <!-- qasirTesting.NavigateLoginPage -->
    </test> <!-- Login Testing -->
    <test started-at="2021-11-19T09:10:30 WIB" name="Outlet Testing" finished-at="2021-11-19T09:13:19 WIB" duration-ms="169018">
      <class name="qasirTesting.NavigateOutletPage">
        <test-method is-config="true" signature="initialize()[pri:0, instance:qasirTesting.NavigateOutletPage@1b39fd82]" started-at="2021-11-19T09:10:30 WIB" name="initialize" finished-at="2021-11-19T09:10:55 WIB" duration-ms="24742" status="PASS">
          <reporter-output>
          </reporter-output>
        </test-method> <!-- initialize -->
        <test-method signature="navigationToOutlet()[pri:0, instance:qasirTesting.NavigateOutletPage@1b39fd82]" started-at="2021-11-19T09:10:55 WIB" name="navigationToOutlet" finished-at="2021-11-19T09:13:19 WIB" duration-ms="144266" status="PASS">
          <reporter-output>
          </reporter-output>
        </test-method> <!-- navigationToOutlet -->
      </class> <!-- qasirTesting.NavigateOutletPage -->
    </test> <!-- Outlet Testing -->
    <test started-at="2021-11-19T09:13:20 WIB" name="Profile Testing" finished-at="2021-11-19T09:15:26 WIB" duration-ms="125899">
      <class name="qasirTesting.NavigateProfilePage">
        <test-method is-config="true" signature="initialize()[pri:0, instance:qasirTesting.NavigateProfilePage@2024293c]" started-at="2021-11-19T09:13:20 WIB" name="initialize" finished-at="2021-11-19T09:13:36 WIB" duration-ms="16738" status="PASS">
          <reporter-output>
          </reporter-output>
        </test-method> <!-- initialize -->
        <test-method signature="navigationToProfile()[pri:0, instance:qasirTesting.NavigateProfilePage@2024293c]" started-at="2021-11-19T09:13:36 WIB" name="navigationToProfile" finished-at="2021-11-19T09:15:26 WIB" duration-ms="109158" status="PASS">
          <reporter-output>
          </reporter-output>
        </test-method> <!-- navigationToProfile -->
      </class> <!-- qasirTesting.NavigateProfilePage -->
    </test> <!-- Profile Testing -->
  </suite> <!-- Suite -->
</testng-results>
